#
# A fatal error has been detected by the Java Runtime Environment:
#
#  EXCEPTION_ACCESS_VIOLATION (0xc0000005) at pc=0x0000000001de82b5, pid=26616, tid=23232
#
# JRE version: Java(TM) SE Runtime Environment (8.0_45-b14) (build 1.8.0_45-b14)
# Java VM: Java HotSpot(TM) 64-Bit Server VM (25.45-b02 mixed mode windows-amd64 compressed oops)
# Problematic frame:
# V  [jvm.dll+0x1282b5]
#
# Failed to write core dump. Minidumps are not enabled by default on client versions of Windows
#
# If you would like to submit a bug report, please visit:
#   http://bugreport.java.com/bugreport/crash.jsp
#

---------------  T H R E A D  ---------------

Current thread (0x000000000e9dd000):  JavaThread "JDWP Transport Listener: dt_socket" daemon [_thread_in_vm, id=23232, stack(0x000000001f4f0000,0x000000001f5f0000)]

siginfo: ExceptionCode=0xc0000005, reading address 0x00003b72003b003b

Registers:
RAX=0x000000001f5ef401, RBX=0x000000000e9dd000, RCX=0x00003b72003b003b, RDX=0x0000000000000000
RSP=0x000000001f5ef410, RBP=0x00003b72003b003b, RSI=0x000000001f5ef528, RDI=0x0000000000569210
R8 =0x000000000e9dd000, R9 =0x000000000000ff00, R10=0x0000000000000025, R11=0x000098f60689007a
R12=0x0000000000000000, R13=0x000000000e9ddc68, R14=0x0000000000000000, R15=0x0000000000000000
RIP=0x0000000001de82b5, EFLAGS=0x0000000000010202

Top of Stack: (sp=0x000000001f5ef410)
0x000000001f5ef410:   000000000e9dd000 00000000209eedf0
0x000000001f5ef420:   000000001f5ef4d8 0000000001fec7db
0x000000001f5ef430:   000000000e9dd000 000000000200903d
0x000000001f5ef440:   0000000000000025 0000000051809155
0x000000001f5ef450:   00000000234c50e0 000000005181291e
0x000000001f5ef460:   000000000e9dd000 0000000000000000
0x000000001f5ef470:   0000000000000000 0000000000000000
0x000000001f5ef480:   00003b72003b003b 0000000051811a15
0x000000001f5ef490:   000000001f5ef528 000000001f5ef500
0x000000001f5ef4a0:   0000000000000001 00000000234c50e0
0x000000001f5ef4b0:   00003b72003b003b 00000000517f53b3
0x000000001f5ef4c0:   000000001f5ef5f0 0000000000000001
0x000000001f5ef4d0:   0000000000000001 00000000234c50e0
0x000000001f5ef4e0:   0000000000000000 0000000000000000
0x000000001f5ef4f0:   0000000000000000 0000000000000000
0x000000001f5ef500:   0000000000000001 00000000517f5571 

Instructions: (pc=0x0000000001de82b5)
0x0000000001de8295:   cc cc cc cc cc cc cc cc cc cc cc 48 83 ec 28 48
0x0000000001de82a5:   85 c9 75 07 33 c0 48 83 c4 28 c3 48 89 5c 24 20
0x0000000001de82b5:   48 8b 19 48 85 db 74 20 48 83 fb 37 74 1a 48 8b
0x0000000001de82c5:   13 48 8b cb ff 52 10 84 c0 74 0d 48 8b c3 48 8b 


Register to memory mapping:

RAX=0x000000001f5ef401 is pointing into the stack for thread: 0x000000000e9dd000
RBX=0x000000000e9dd000 is a thread
RCX=0x00003b72003b003b is an unknown value
RDX=0x0000000000000000 is an unknown value
RSP=0x000000001f5ef410 is pointing into the stack for thread: 0x000000000e9dd000
RBP=0x00003b72003b003b is an unknown value
RSI=0x000000001f5ef528 is pointing into the stack for thread: 0x000000000e9dd000
RDI=0x0000000000569210 is an unknown value
R8 =0x000000000e9dd000 is a thread
R9 =0x000000000000ff00 is an unknown value
R10=0x0000000000000025 is an unknown value
R11=0x000098f60689007a is an unknown value
R12=0x0000000000000000 is an unknown value
R13=0x000000000e9ddc68 is an unknown value
R14=0x0000000000000000 is an unknown value
R15=0x0000000000000000 is an unknown value


Stack: [0x000000001f4f0000,0x000000001f5f0000],  sp=0x000000001f5ef410,  free space=1021k
Native frames: (J=compiled Java code, j=interpreted, Vv=VM code, C=native code)
V  [jvm.dll+0x1282b5]
V  [jvm.dll+0x34903d]
C  [jdwp.dll+0x21a15]
C  [jdwp.dll+0x53b3]
C  [jdwp.dll+0x5571]
C  [jdwp.dll+0xf0a8]
C  [jdwp.dll+0x1f2d5]
C  [jdwp.dll+0x1f4aa]
V  [jvm.dll+0x1bae98]
V  [jvm.dll+0x241984]
V  [jvm.dll+0x29853a]
C  [msvcr100.dll+0x21d9f]
C  [msvcr100.dll+0x21e3b]
C  [kernel32.dll+0x159cd]
C  [ntdll.dll+0x2b981]


---------------  P R O C E S S  ---------------

Java Threads: ( => current thread )
  0x0000000020a21000 JavaThread "JavaFX-Launcher" [_thread_blocked, id=25772, stack(0x00000000245e0000,0x00000000246e0000)]
  0x0000000020481800 JavaThread "Thread-2" daemon [_thread_in_native, id=25704, stack(0x0000000022f40000,0x0000000023040000)]
  0x0000000020429000 JavaThread "JavaFX Application Thread" [_thread_blocked, id=24040, stack(0x00000000212c0000,0x00000000213c0000)]
  0x000000002042c800 JavaThread "Thread-1" daemon [_thread_blocked, id=26552, stack(0x00000000213e0000,0x00000000214e0000)]
  0x00000000203bb000 JavaThread "QuantumRenderer-0" daemon [_thread_blocked, id=25696, stack(0x0000000020bf0000,0x0000000020cf0000)]
  0x000000000ea8e800 JavaThread "Service Thread" daemon [_thread_blocked, id=25684, stack(0x000000001f8f0000,0x000000001f9f0000)]
  0x000000000ea0b000 JavaThread "C1 CompilerThread3" daemon [_thread_blocked, id=26012, stack(0x0000000020200000,0x0000000020300000)]
  0x000000000ea08000 JavaThread "C2 CompilerThread2" daemon [_thread_blocked, id=25452, stack(0x0000000020030000,0x0000000020130000)]
  0x000000000ea03000 JavaThread "C2 CompilerThread1" daemon [_thread_blocked, id=24924, stack(0x000000001ff10000,0x0000000020010000)]
  0x000000000e9fa000 JavaThread "C2 CompilerThread0" daemon [_thread_blocked, id=25764, stack(0x000000001fd30000,0x000000001fe30000)]
  0x000000000e9ee000 JavaThread "JDWP Command Reader" daemon [_thread_in_native, id=26528, stack(0x000000001fb20000,0x000000001fc20000)]
  0x000000000e9eb000 JavaThread "JDWP Event Helper Thread" daemon [_thread_blocked, id=26532, stack(0x000000001f690000,0x000000001f790000)]
=>0x000000000e9dd000 JavaThread "JDWP Transport Listener: dt_socket" daemon [_thread_in_vm, id=23232, stack(0x000000001f4f0000,0x000000001f5f0000)]
  0x000000000e9d6800 JavaThread "Attach Listener" daemon [_thread_blocked, id=26464, stack(0x000000001f1f0000,0x000000001f2f0000)]
  0x000000000e9d5800 JavaThread "Signal Dispatcher" daemon [_thread_blocked, id=22480, stack(0x000000001ef40000,0x000000001f040000)]
  0x000000000d920000 JavaThread "Finalizer" daemon [_thread_blocked, id=24692, stack(0x000000001ed80000,0x000000001ee80000)]
  0x000000000d919800 JavaThread "Reference Handler" daemon [_thread_blocked, id=26604, stack(0x000000001eb90000,0x000000001ec90000)]
  0x00000000026f8000 JavaThread "main" [_thread_blocked, id=26456, stack(0x0000000002a40000,0x0000000002b40000)]

Other Threads:
  0x000000000d912000 VMThread [stack: 0x000000001e9f0000,0x000000001eaf0000] [id=25688]
  0x000000000ea90000 WatcherThread [stack: 0x000000001fc20000,0x000000001fd20000] [id=25692]

VM state:not at safepoint (normal execution)

VM Mutex/Monitor currently owned by a thread: None

Heap:
 PSYoungGen      total 76288K, used 45904K [0x000000076b400000, 0x0000000770900000, 0x00000007c0000000)
  eden space 65536K, 70% used [0x000000076b400000,0x000000076e0d41c0,0x000000076f400000)
  from space 10752K, 0% used [0x000000076fe80000,0x000000076fe80000,0x0000000770900000)
  to   space 10752K, 0% used [0x000000076f400000,0x000000076f400000,0x000000076fe80000)
 ParOldGen       total 175104K, used 0K [0x00000006c1c00000, 0x00000006cc700000, 0x000000076b400000)
  object space 175104K, 0% used [0x00000006c1c00000,0x00000006c1c00000,0x00000006cc700000)
 Metaspace       used 14043K, capacity 14412K, committed 14720K, reserved 1062912K
  class space    used 1663K, capacity 1805K, committed 1920K, reserved 1048576K

Card table byte_map: [0x00000000031d0000,0x00000000039d0000] byte_map_base: 0xffffffffffbc2000

Marking Bits: (ParMarkBitMap*) 0x00000000024c4040
 Begin Bits: [0x0000000004810000, 0x00000000087a0000)
 End Bits:   [0x00000000087a0000, 0x000000000c730000)

Polling page: 0x0000000000240000

CodeCache: size=245760Kb used=3835Kb max_used=3847Kb free=241924Kb
 bounds [0x000000000f010000, 0x000000000f3e0000, 0x000000001e010000]
 total_blobs=1473 nmethods=1039 adapters=355
 compilation: enabled

Compilation events (10 events):
Event: 2.378 Thread 0x000000000ea0b000 1034       1       com.sun.javafx.tk.quantum.PaintCollector::hasDirty (5 bytes)
Event: 2.378 Thread 0x000000000ea0b000 nmethod 1034 0x000000000f3ce2d0 code [0x000000000f3ce420, 0x000000000f3ce530]
Event: 4.426 Thread 0x000000000ea0b000 1035       3       com.sun.javafx.tk.quantum.QuantumToolkit$$Lambda$41/1364517612::run (8 bytes)
Event: 4.426 Thread 0x000000000ea0b000 nmethod 1035 0x000000000f3cda90 code [0x000000000f3cdc40, 0x000000000f3ce0a8]
Event: 4.426 Thread 0x000000000ea0b000 1036   !   3       com.sun.javafx.tk.quantum.QuantumToolkit::lambda$runToolkit$401 (16 bytes)
Event: 4.427 Thread 0x000000000ea0b000 nmethod 1036 0x000000000f3cd390 code [0x000000000f3cd520, 0x000000000f3cd908]
Event: 6.474 Thread 0x000000000ea0b000 1037       3       com.sun.javafx.tk.quantum.QuantumToolkit::postPulse (148 bytes)
Event: 6.475 Thread 0x000000000ea0b000 nmethod 1037 0x000000000f3cfd10 code [0x000000000f3d0080, 0x000000000f3d20f8]
Event: 86.345 Thread 0x000000000e9fa000 1039       4       com.sun.javafx.tk.quantum.QuantumToolkit$$Lambda$41/1364517612::run (8 bytes)
Event: 86.346 Thread 0x000000000e9fa000 nmethod 1039 0x000000000f3cb710 code [0x000000000f3cb860, 0x000000000f3cbaf8]

GC Heap History (0 events):
No events

Deoptimization events (10 events):
Event: 0.730 Thread 0x0000000020429000 Uncommon trap: reason=range_check action=none pc=0x000000000f3151e4 method=sun.reflect.generics.parser.SignatureParser.current()C @ 34
Event: 0.730 Thread 0x0000000020429000 Uncommon trap: reason=range_check action=none pc=0x000000000f3151e4 method=sun.reflect.generics.parser.SignatureParser.current()C @ 34
Event: 0.770 Thread 0x0000000020429000 Uncommon trap: reason=range_check action=none pc=0x000000000f3151e4 method=sun.reflect.generics.parser.SignatureParser.current()C @ 34
Event: 0.770 Thread 0x0000000020429000 Uncommon trap: reason=range_check action=none pc=0x000000000f3151e4 method=sun.reflect.generics.parser.SignatureParser.current()C @ 34
Event: 0.771 Thread 0x0000000020429000 Uncommon trap: reason=range_check action=none pc=0x000000000f3151e4 method=sun.reflect.generics.parser.SignatureParser.current()C @ 34
Event: 0.776 Thread 0x0000000020429000 Uncommon trap: reason=range_check action=none pc=0x000000000f3151e4 method=sun.reflect.generics.parser.SignatureParser.current()C @ 34
Event: 0.777 Thread 0x0000000020429000 Uncommon trap: reason=range_check action=none pc=0x000000000f3151e4 method=sun.reflect.generics.parser.SignatureParser.current()C @ 34
Event: 0.777 Thread 0x0000000020429000 Uncommon trap: reason=range_check action=none pc=0x000000000f3151e4 method=sun.reflect.generics.parser.SignatureParser.current()C @ 34
Event: 0.782 Thread 0x0000000020429000 Uncommon trap: reason=range_check action=none pc=0x000000000f3151e4 method=sun.reflect.generics.parser.SignatureParser.current()C @ 34
Event: 0.787 Thread 0x0000000020429000 Uncommon trap: reason=range_check action=none pc=0x000000000f3151e4 method=sun.reflect.generics.parser.SignatureParser.current()C @ 34

Internal exceptions (10 events):
Event: 0.730 Thread 0x0000000020429000 Exception <a 'java/lang/ArrayIndexOutOfBoundsException': 175> (0x000000076cf64308) thrown at [C:\re\workspace\8-2-build-windows-amd64-cygwin\jdk8u45\3457\hotspot\src\share\vm\interpreter\interpreterRuntime.cpp, line 366]
Event: 0.730 Thread 0x0000000020429000 Exception <a 'java/lang/ArrayIndexOutOfBoundsException': 56> (0x000000076cf65390) thrown at [C:\re\workspace\8-2-build-windows-amd64-cygwin\jdk8u45\3457\hotspot\src\share\vm\interpreter\interpreterRuntime.cpp, line 366]
Event: 0.770 Thread 0x0000000020429000 Exception <a 'java/lang/ArrayIndexOutOfBoundsException': 71> (0x000000076d013a28) thrown at [C:\re\workspace\8-2-build-windows-amd64-cygwin\jdk8u45\3457\hotspot\src\share\vm\interpreter\interpreterRuntime.cpp, line 366]
Event: 0.770 Thread 0x0000000020429000 Exception <a 'java/lang/ArrayIndexOutOfBoundsException': 60> (0x000000076d014c98) thrown at [C:\re\workspace\8-2-build-windows-amd64-cygwin\jdk8u45\3457\hotspot\src\share\vm\interpreter\interpreterRuntime.cpp, line 366]
Event: 0.771 Thread 0x0000000020429000 Exception <a 'java/lang/ArrayIndexOutOfBoundsException': 71> (0x000000076d0163b0) thrown at [C:\re\workspace\8-2-build-windows-amd64-cygwin\jdk8u45\3457\hotspot\src\share\vm\interpreter\interpreterRuntime.cpp, line 366]
Event: 0.777 Thread 0x0000000020429000 Exception <a 'java/lang/ArrayIndexOutOfBoundsException': 55> (0x000000076d03cf08) thrown at [C:\re\workspace\8-2-build-windows-amd64-cygwin\jdk8u45\3457\hotspot\src\share\vm\interpreter\interpreterRuntime.cpp, line 366]
Event: 0.777 Thread 0x0000000020429000 Exception <a 'java/lang/ArrayIndexOutOfBoundsException': 38> (0x000000076d03e150) thrown at [C:\re\workspace\8-2-build-windows-amd64-cygwin\jdk8u45\3457\hotspot\src\share\vm\interpreter\interpreterRuntime.cpp, line 366]
Event: 0.777 Thread 0x0000000020429000 Exception <a 'java/lang/ArrayIndexOutOfBoundsException': 67> (0x000000076d03f308) thrown at [C:\re\workspace\8-2-build-windows-amd64-cygwin\jdk8u45\3457\hotspot\src\share\vm\interpreter\interpreterRuntime.cpp, line 366]
Event: 0.782 Thread 0x0000000020429000 Exception <a 'java/lang/ArrayIndexOutOfBoundsException': 38> (0x000000076d064fc8) thrown at [C:\re\workspace\8-2-build-windows-amd64-cygwin\jdk8u45\3457\hotspot\src\share\vm\interpreter\interpreterRuntime.cpp, line 366]
Event: 0.787 Thread 0x0000000020429000 Exception <a 'java/lang/ArrayIndexOutOfBoundsException': 49> (0x000000076d073f90) thrown at [C:\re\workspace\8-2-build-windows-amd64-cygwin\jdk8u45\3457\hotspot\src\share\vm\interpreter\interpreterRuntime.cpp, line 366]

Events (10 events):
Event: 476.861 Executing VM operation: RedefineClasses
Event: 476.867 Executing VM operation: RedefineClasses done
Event: 476.872 Executing VM operation: ChangeBreakpoints
Event: 476.872 Executing VM operation: ChangeBreakpoints done
Event: 506.814 Executing VM operation: RedefineClasses
Event: 506.822 Executing VM operation: RedefineClasses done
Event: 506.828 Executing VM operation: ChangeBreakpoints
Event: 506.829 Executing VM operation: ChangeBreakpoints done
Event: 555.544 Executing VM operation: RedefineClasses
Event: 555.550 Executing VM operation: RedefineClasses done


Dynamic libraries:
0x000000013fac0000 - 0x000000013faf7000 	D:\JDK\jdk1.8.0_45\bin\javaw.exe
0x0000000077450000 - 0x00000000775f9000 	C:\Windows\SYSTEM32\ntdll.dll
0x0000000077230000 - 0x000000007734f000 	C:\Windows\system32\kernel32.dll
0x000007fefd370000 - 0x000007fefd3dc000 	C:\Windows\system32\KERNELBASE.dll
0x000007fefdaa0000 - 0x000007fefdb7b000 	C:\Windows\system32\ADVAPI32.dll
0x000007fefe340000 - 0x000007fefe3df000 	C:\Windows\system32\msvcrt.dll
0x000007fefdc50000 - 0x000007fefdc6f000 	C:\Windows\SYSTEM32\sechost.dll
0x000007fefe570000 - 0x000007fefe69d000 	C:\Windows\system32\RPCRT4.dll
0x0000000077350000 - 0x000000007744a000 	C:\Windows\system32\USER32.dll
0x000007fefd9e0000 - 0x000007fefda47000 	C:\Windows\system32\GDI32.dll
0x000007fefdd80000 - 0x000007fefdd8e000 	C:\Windows\system32\LPK.dll
0x000007fefdb80000 - 0x000007fefdc49000 	C:\Windows\system32\USP10.dll
0x000007fefc230000 - 0x000007fefc424000 	C:\Windows\WinSxS\amd64_microsoft.windows.common-controls_6595b64144ccf1df_6.0.7601.18807_none_fa381d5f175bfb52\COMCTL32.dll
0x000007fefd8f0000 - 0x000007fefd961000 	C:\Windows\system32\SHLWAPI.dll
0x000007fefd8c0000 - 0x000007fefd8ee000 	C:\Windows\system32\IMM32.DLL
0x000007fefdc70000 - 0x000007fefdd79000 	C:\Windows\system32\MSCTF.dll
0x000007fefd150000 - 0x000007fefd17f000 	C:\Windows\system32\nvinitx.dll
0x000000000f000000 - 0x000000000f006000 	C:\Program Files\NVIDIA Corporation\CoProcManager\_etoured.dll
0x000007fefa540000 - 0x000007fefa59f000 	C:\Program Files\NVIDIA Corporation\CoProcManager\nvd3d9wrapx.dll
0x000007fefe160000 - 0x000007fefe337000 	C:\Windows\system32\SETUPAPI.dll
0x000007fefd3f0000 - 0x000007fefd426000 	C:\Windows\system32\CFGMGR32.dll
0x000007fefe060000 - 0x000007fefe137000 	C:\Windows\system32\OLEAUT32.dll
0x000007fefe720000 - 0x000007fefe923000 	C:\Windows\system32\ole32.dll
0x000007fefd5b0000 - 0x000007fefd5ca000 	C:\Windows\system32\DEVOBJ.dll
0x000007fefa4f0000 - 0x000007fefa536000 	C:\Program Files\NVIDIA Corporation\CoProcManager\nvdxgiwrapx.dll
0x0000000079430000 - 0x0000000079502000 	D:\JDK\jdk1.8.0_45\jre\bin\msvcr100.dll
0x0000000001cc0000 - 0x0000000002543000 	D:\JDK\jdk1.8.0_45\jre\bin\server\jvm.dll
0x000007feef980000 - 0x000007feef989000 	C:\Windows\system32\WSOCK32.dll
0x000007fefda50000 - 0x000007fefda9d000 	C:\Windows\system32\WS2_32.dll
0x000007fefd970000 - 0x000007fefd978000 	C:\Windows\system32\NSI.dll
0x000007fef68e0000 - 0x000007fef691b000 	C:\Windows\system32\WINMM.dll
0x000007fefbf50000 - 0x000007fefbf5c000 	C:\Windows\system32\VERSION.dll
0x0000000077610000 - 0x0000000077617000 	C:\Windows\system32\PSAPI.DLL
0x000000005f970000 - 0x000000005f97f000 	D:\JDK\jdk1.8.0_45\jre\bin\verify.dll
0x0000000052830000 - 0x0000000052859000 	D:\JDK\jdk1.8.0_45\jre\bin\java.dll
0x00000000517f0000 - 0x0000000051825000 	D:\JDK\jdk1.8.0_45\jre\bin\jdwp.dll
0x0000000071620000 - 0x0000000071628000 	D:\JDK\jdk1.8.0_45\jre\bin\npt.dll
0x00000000536e0000 - 0x00000000536f6000 	D:\JDK\jdk1.8.0_45\jre\bin\zip.dll
0x000007fefe930000 - 0x000007feff6b9000 	C:\Windows\system32\SHELL32.dll
0x000007fefd210000 - 0x000007fefd21f000 	C:\Windows\system32\profapi.dll
0x0000000058590000 - 0x0000000058599000 	D:\JDK\jdk1.8.0_45\jre\bin\dt_socket.dll
0x000007fefa950000 - 0x000007fefa965000 	C:\Windows\system32\NLAapi.dll
0x000007fef5130000 - 0x000007fef5145000 	C:\Windows\system32\napinsp.dll
0x000007fef5110000 - 0x000007fef5129000 	C:\Windows\system32\pnrpnsp.dll
0x000007fefc8e0000 - 0x000007fefc935000 	C:\Windows\System32\mswsock.dll
0x000007fefc5d0000 - 0x000007fefc62b000 	C:\Windows\system32\DNSAPI.dll
0x000007fef5100000 - 0x000007fef510b000 	C:\Windows\System32\winrnr.dll
0x000007fef50f0000 - 0x000007fef5100000 	C:\Windows\system32\wshbth.dll
0x000007fef5580000 - 0x000007fef55af000 	C:\Program Files\Common Files\Microsoft Shared\Windows Live\WLIDNSP.DLL
0x000007fef9e20000 - 0x000007fef9e47000 	C:\Windows\system32\IPHLPAPI.DLL
0x000007fef9e10000 - 0x000007fef9e1b000 	C:\Windows\system32\WINNSI.DLL
0x000007fef9c90000 - 0x000007fef9ce3000 	C:\Windows\System32\fwpuclnt.dll
0x000007fef55f0000 - 0x000007fef55f8000 	C:\Windows\system32\rasadhlp.dll
0x000007fefc020000 - 0x000007fefc027000 	C:\Windows\System32\wshtcpip.dll
0x0000000053430000 - 0x000000005345c000 	D:\JDK\jdk1.8.0_45\jre\bin\prism_d3d.dll
0x000007fedfca0000 - 0x000007fedfe9f000 	C:\Windows\system32\d3d9.dll
0x000007fefa730000 - 0x000007fefa737000 	C:\Windows\system32\d3d8thk.dll
0x000007fefb370000 - 0x000007fefb388000 	C:\Windows\system32\dwmapi.dll
0x000007fefb670000 - 0x000007fefb6c6000 	C:\Windows\system32\uxtheme.dll
0x000007fefa280000 - 0x000007fefa3eb000 	C:\Windows\system32\nvumdshimx.dll
0x000007fedc7a0000 - 0x000007feddea6000 	C:\Windows\system32\igdumdim64.dll
0x00000000517a0000 - 0x00000000517e1000 	D:\JDK\jdk1.8.0_45\jre\bin\glass.dll
0x000007fefd5d0000 - 0x000007fefd667000 	C:\Windows\system32\COMDLG32.dll
0x000007fefd020000 - 0x000007fefd02f000 	C:\Windows\system32\CRYPTBASE.dll
0x000007fedeec0000 - 0x000007fedf857000 	C:\Windows\system32\igdusc64.dll
0x0000000180000000 - 0x000000018004a000 	C:\Program Files\Acer\Acer ePower Management\SysHook.dll
0x000007fefb010000 - 0x000007fefb081000 	C:\Windows\system32\WINSPOOL.DRV
0x00000000591e0000 - 0x00000000591ed000 	D:\JDK\jdk1.8.0_45\jre\bin\management.dll
0x0000000053120000 - 0x000000005313a000 	D:\JDK\jdk1.8.0_45\jre\bin\net.dll
0x000007fefcae0000 - 0x000007fefcae7000 	C:\Windows\System32\wship6.dll
0x0000000052810000 - 0x0000000052821000 	D:\JDK\jdk1.8.0_45\jre\bin\nio.dll
0x000007fefa5c0000 - 0x000007fefa6e5000 	C:\Windows\system32\dbghelp.dll

VM Arguments:
jvm_args: -agentlib:jdwp=transport=dt_socket,suspend=y,address=localhost:50414 -Dfile.encoding=Cp1252 
java_command: org.imagebattle.ImageBattleApplication
java_class_path (initial): D:\git-repositories\image-battle\ImageBattleFx\bin;D:\git-repositories\image-battle\ImageBattleFx\lib\log4j-api-2.3.jar;D:\git-repositories\image-battle\ImageBattleFx\lib\log4j-core-2.3.jar;D:\git-repositories\image-battle\ImageBattleFx\lib\spark-core-2.2.jar;D:\git-repositories\image-battle\ImageBattleFx\lib\javax.servlet-3.0.0.v201112011016.jar;D:\git-repositories\image-battle\ImageBattleFx\lib\jetty-http-9.0.2.v20130417.jar;D:\git-repositories\image-battle\ImageBattleFx\lib\jetty-io-9.0.2.v20130417.jar;D:\git-repositories\image-battle\ImageBattleFx\lib\jetty-security-9.0.2.v20130417.jar;D:\git-repositories\image-battle\ImageBattleFx\lib\jetty-server-9.0.2.v20130417.jar;D:\git-repositories\image-battle\ImageBattleFx\lib\jetty-servlet-9.0.2.v20130417.jar;D:\git-repositories\image-battle\ImageBattleFx\lib\jetty-util-9.0.2.v20130417.jar;D:\git-repositories\image-battle\ImageBattleFx\lib\jetty-webapp-9.0.2.v20130417.jar;D:\git-repositories\image-battle\ImageBattleFx\lib\jetty-xml-9.0.2.v20130417.jar;D:\git-repositories\image-battle\ImageBattleFx\lib\slf4j-api-1.7.7.jar;D:\git-repositories\image-battle\ImageBattleFx\lib\slf4j-simple-1.7.7.jar;D:\git-repositories\image-battle\ImageBattleFx\lib\ImageBattleFx-0.0.1.jar;D:\git-repositories\image-battle\ImageBattleFx\lib\xmpcore-5.1.2.jar;D:\git-repositories\image-battle\ImageBattleFx\lib\metadata-extractor-2.8.1.jar
Launcher Type: SUN_STANDARD

Environment Variables:
PATH=D:\JDK\jdk1.8.0_45\jre\bin;D:/JRE/jre1.8.0_45/bin/server;D:/JRE/jre1.8.0_45/bin;D:/JRE/jre1.8.0_45/lib/amd64;C:\ProgramData\Oracle\Java\javapath;C:\Program Files\Common Files\Microsoft Shared\Windows Live;C:\Program Files (x86)\Common Files\Microsoft Shared\Windows Live;C:\Python34\;C:\Python34\Scripts;C:\Program Files (x86)\NVIDIA Corporation\PhysX\Common;C:\Program Files\Broadcom\Broadcom 802.11 Network Adapter;;C:\Program Files (x86)\Intel\iCLS Client\;C:\Program Files\Intel\iCLS Client\;C:\Windows\system32;C:\Windows;C:\Windows\System32\Wbem;C:\Windows\System32\WindowsPowerShell\v1.0\;C:\Program Files (x86)\Intel\OpenCL SDK\3.0\bin\x86;C:\Program Files (x86)\Intel\OpenCL SDK\3.0\bin\x64;C:\Program Files\Intel\Intel(R) Management Engine Components\DAL;C:\Program Files\Intel\Intel(R) Management Engine Components\IPT;C:\Program Files (x86)\Intel\Intel(R) Management Engine Components\DAL;C:\Program Files (x86)\Intel\Intel(R) Management Engine Components\IPT;C:\Program Files\WIDCOMM\Bluetooth Software\;C:\Program Files\WIDCOMM\Bluetooth Software\syswow64;C:\Program Files (x86)\Windows Live\Shared;C:\Program Files (x86)\Skype\Phone\;D:\Programme\Ruby22-x64\bin;D:\Programme\gradle-2.4\bin;D:\tech\eclipse\eclipse;
USERNAME=Besitzer
OS=Windows_NT
PROCESSOR_IDENTIFIER=Intel64 Family 6 Model 60 Stepping 3, GenuineIntel



---------------  S Y S T E M  ---------------

OS: Windows 7 , 64 bit Build 7601 (6.1.7601.18839)

CPU:total 8 (4 cores per cpu, 2 threads per core) family 6 model 60 stepping 3, cmov, cx8, fxsr, mmx, sse, sse2, sse3, ssse3, sse4.1, sse4.2, popcnt, avx, avx2, aes, clmul, erms, lzcnt, ht, tsc, tscinvbit, bmi1, bmi2

Memory: 4k page, physical 16654704k(8839284k free), swap 33307572k(23488704k free)

vm_info: Java HotSpot(TM) 64-Bit Server VM (25.45-b02) for windows-amd64 JRE (1.8.0_45-b14), built on Apr 10 2015 10:34:15 by "java_re" with MS VC++ 10.0 (VS2010)

time: Wed Jun 10 23:52:09 2015
elapsed time: 555 seconds (0d 0h 9m 15s)

